
## projects which are in production
## ou=production,ou=applications,o=openapi,o=clients,dc=csso,dc=example,dc=com

#!RESULT OK
#!CONNECTION ldap://docker0.johnson.local:636
#!DATE 2017-09-21T12:11:05.912
dn: o=Example WorldWide,dc=example,dc=com
changetype: add
objectClass: domain
objectClass: top
objectClass: extensibleObject
dc: example
o: Example WorldWide

#!RESULT OK
#!CONNECTION ldap://docker0.johnson.local:636
#!DATE 2017-09-21T12:11:06.270
dn: ou=security,o=Example WorldWide,dc=example,dc=com
changetype: add
objectClass: top
objectClass: organizationalUnit
ou: security

#!RESULT OK
#!CONNECTION ldap://docker0.johnson.local:636
#!DATE 2017-09-21T12:11:06.335
dn: ou=users,ou=security,o=Example WorldWide,dc=example,dc=com
changetype: add
objectClass: top
objectClass: organizationalUnit
ou: users

#!RESULT OK
#!CONNECTION ldap://docker0.johnson.local:636
#!DATE 2017-09-21T12:11:06.475
dn: cn=XMLGW_PRIVADMIN,ou=users,ou=security,o=Example WorldWide,dc=example,d
 c=com
changetype: add
objectClass: top
objectClass: inetOrgPerson
objectClass: person
objectClass: organizationalPerson
cn: XMLGW_PRIVADMIN
sn: XMLGW_PRIVADMIN

#!RESULT OK
#!CONNECTION ldap://docker0.johnson.local:636
#!DATE 2017-09-21T12:11:06.590
dn: dc=csso,dc=example,dc=com
changetype: add
objectClass: top
objectClass: domain
dc: csso

#!RESULT OK
#!CONNECTION ldap://docker0.johnson.local:636
#!DATE 2017-09-21T12:11:06.743
dn: o=clients,dc=csso,dc=example,dc=com
changetype: add
objectClass: domain
objectClass: top
objectClass: extensibleObject
dc: example
o: clients

#!RESULT OK
#!CONNECTION ldap://docker0.johnson.local:636
#!DATE 2017-09-21T12:11:06.843
dn: o=openapi,o=clients,dc=csso,dc=example,dc=com
changetype: add
objectClass: domain
objectClass: top
objectClass: extensibleObject
dc: csso
o: openapi

#!RESULT OK
#!CONNECTION ldap://docker0.johnson.local:636
#!DATE 2017-09-21T12:11:06.996
dn: ou=applications,o=openapi,o=clients,dc=csso,dc=example,dc=com
changetype: add
objectClass: top
objectClass: organizationalUnit
ou: applications

#!RESULT OK
#!CONNECTION ldap://docker0.johnson.local:636
#!DATE 2017-09-21T12:11:07.147
dn: ou=production,ou=applications,o=openapi,o=clients,dc=csso,dc=example,dc=
 com
changetype: add
objectClass: top
objectClass: organizationalUnit
ou: production

#!RESULT OK
#!CONNECTION ldap://docker0.johnson.local:636
#!DATE 2017-09-21T12:11:07.315
dn: ou=sandbox,ou=applications,o=openapi,o=clients,dc=csso,dc=example,dc=com
changetype: add
objectClass: top
objectClass: organizationalUnit
ou: sandbox

#!RESULT OK
#!CONNECTION ldap://docker0.johnson.local:636
#!DATE 2017-09-21T12:11:07.435
dn: ou=users,o=openapi,o=clients,dc=csso,dc=example,dc=com
changetype: add
objectClass: top
objectClass: organizationalUnit
ou: users

#!RESULT OK
#!CONNECTION ldap://docker0.johnson.local:636
#!DATE 2017-09-21T12:11:07.626
dn: ou=service types,o=openapi,o=clients,dc=csso,dc=example,dc=com
changetype: add
objectClass: organizationalUnit
objectClass: top
ou: service types


#!RESULT ERROR
#!CONNECTION ldap://docker0.johnson.local:636
#!DATE 2017-09-21T12:11:07.688
#!ERROR [LDAP: error code 34 - invalid DN]
dn: mcCertificateAlias=7288edd0fc3ffcbe93a0cf06e3568e28521687bc,ou=users,o=o
 penapi,o=clients,dc=csso,dc=example,dc=com
changetype: add
objectClass: top
objectClass: mcSoftwareCertProfile
mcCertificate:: LS0tLS1CRUdJTiBSU0EgUFJJVkFURSBLRVktLS0tLQpNSUlFb3dJQkFBS0NB
 UUVBdE1hMWNrRmFxVnVwMDk1Tld3Z3JETzFmekVCU1h1bXVPNUlVOGFQc3l2MWh4N0RtCndGQjJ
 0dVErSUJHNURmQS9yakd4OXVHL1hxbnl2YjhHVE00dG5NUVN1OUtmRnpSelBwYVdTZ2xzZzVPNX
 QxcmEKVU1nOVpMNE84Y2hNL1FyRWY1bHl4emMrbkZzVmFoYVNpNWFTZDB5L0EvRWlRaEZhYmJFe
 nF6dDd6MFQwNEx3YwpqZkJKd2dOeVJrSXFHeW1sc2lpdklOQk9XMDJsVnJEZDM2cFJPeDRBVlE2
 QmFrbUQ4WXFGWjNKMi9WSHJvK2ZDCkkvY1RFVXJvUGVyTEtKTGdJRGVPaTVBV2dKbzByam5sM2g
 rRFlFclN1c04xM0UrcUU0YWNCUm51NFZoNHNSeisKbkdUdVVCMzl1THptM2FlRHI2aG82NTFpam
 9PV1ZMQ09RRUhDblFJREFRQUJBb0lCQUFwcWFJbnN1Z3lIKzRENQpqZnR3dlFwQm93TmhzVjFHb
 VlOVkoxL0UwaC9mK1lKSDd3T2xuekZxZFNuajI0V3lFZmszWThtVnVERDhHY0JWCkFVZnJtVFV2
 RnVVN2ZXOFkxb3NFb2lRaDV0NnQ1RVZzTnFmdzRaaXNXckFUbWx2NkF0aFhQd1c3YVNBWkgySzk
 KYWpRZ3VNK20zRnFkeWh1RVpIRnRoRXlaWU1qUVYzRWRoUTE3ek9jLzBRY0FWcUhTZFp5amVlKz
 hBMS8zT1JDNQppUGpUTjd0SXluc0RCV0hWcUtwUU5RczNDdlFlZ3NsWnFkSWFUOTU2RWppMlR6Y
 UgyYXhKRHBjU21BYnlzRzVnCkZ0WmxMd1ZsZFZtbHBqeitsbVhVOElKcVNpcTVFaW5xWDR6ZGVH
 Ym1vM3JDdW00SmduVmIxSmF5cUw0dzhVWVEKMVRPYVNBRUNnWUVBNXh3bUl3V29zSUNFMVNlbkp
 RQUdSZUtCWUVxdzV1bWIvY3o4bFVkUWdKYVVzeDRTendTSgpmeFU1SWduRE93TzFxQkRzb09JVG
 MyMUFCOFJ1QnUxcDNLWXVIT2RXLzJGS3QwaXNVdWhsU21lSkIzQnhxMC95CnBVMkVyMys0Z2N3Q
 jJxbE9kazF6czhmdGNLLzc4NkhpYi9vSFVFVXIvdFpUS01uUlNpMmVsNWtDZ1lFQXlEN1QKWXhk
 b2hZWU9VdVVGZkVnVXhNRHZpa2VlRzhqWEFoNGpXdUF6ejZqWEF6RzZsZDFvaHdndzQ2MGk0a1R
 tcEtzVwpDSmhqZldyMk9DWjM0K2NuNmo5R2lYOUM2Z0EyQ2xkcWdqL0NpSWFPRlIwWlpHY25vdG
 pEcWRwWDVTWjVpazEzCkhHMkVaYUFlZmNDOVdCQWM2R1Y1WHZ5N01LM0ZFd2lQVU1uK2xhVUNnW
 UVBNWlvMW5RbUV3QXV1dnU2WDJ4U1UKS3NOelgrZmpHSVd0MG0xMVhHSkN2VjI2U0V6NkpHeDdW
 ekpXelJ4MTcrODQybUhJbUUydlczU0JvWHF5clhtQwp4YnBIRUlnaEw0UEF1cHJJN0dVQWc4SnJ
 TUnBtU2x2NzV6ODFsdWNYWlVVOHozMXdaQWVzNUc2SGZZUDI0K1BrCnRPcUlvQnZUdmgvTGdFTE
 dpaDYyNUhrQ2dZQnJvem5GbmlPVkFvWllrTHJ1SDJEcWtqc3d2V2FEME9XaVFja0gKWkZUMVh2Q
 1V5dnBjN0hMdmdydWs1c0JGbUh2U01CVGI4ZTRvMElJaGxLd0ZXWS9mSHJ3djFMU0hUQzNBU1ZU
 NwpSb0t2R0lUdlhJRDFzMjFlMzkzdFEyelR4R2E0clFORnlLak9aODk4RVVxMk41TVNhTmxnOGN
 FOVhXcjkzREFOCllVYno4UUtCZ0JTTnZOeGlpcmpaTVB1RHg3TkY0WDVGcnNCalVEenRpemg3OV
 didEpPYlF5YTJNZ0xmZTJIdDYKaXBPbVdBYUJES3g2QStzcTZNRVIxamNLaG12SFg4SzRsemVBT
 DNtN1B3bGdaVmxlVEV1VTl3WkdFK3J0dnBuQwpaaHpnRmZqKzN6RDdvQ3gzanM0T1ExR2hsZnhy
 K1FYRDJsbEk0THhTWWtYMHZBN1RPbHoxCi0tLS0tRU5EIFJTQSBQUklWQVRFIEtFWS0tLS0tCg=
 =
mcCertificateAlias: 7288edd0fc3ffcbe93a0cf06e3568e28521687bc
mcCertificateExpiration: 

